<?xml version="1.0" encoding="UTF-8"?>
<testsuite xmlns:xsi="http://www.w3.org/2001/XMLSchema-instance" xsi:noNamespaceSchemaLocation="https://maven.apache.org/surefire/maven-surefire-plugin/xsd/surefire-test-report-3.0.xsd" version="3.0" name="io.camunda.connector.edc.EdcConnectorFunctionTest" time="7.665" tests="7" errors="0" skipped="0" failures="0">
  <properties>
    <property name="java.specification.version" value="21"/>
    <property name="sun.jnu.encoding" value="UTF-8"/>
    <property name="java.class.path" value="/mnt/c/Users/vanay/Downloads/camunda_edc/target/test-classes:/mnt/c/Users/vanay/Downloads/camunda_edc/target/classes:/home/vicanfon/.m2/repository/io/camunda/connector/connector-core/8.6.0/connector-core-8.6.0.jar:/home/vicanfon/.m2/repository/io/camunda/connector/connector-validation/8.6.0/connector-validation-8.6.0.jar:/home/vicanfon/.m2/repository/org/hibernate/validator/hibernate-validator/8.0.1.Final/hibernate-validator-8.0.1.Final.jar:/home/vicanfon/.m2/repository/org/jboss/logging/jboss-logging/3.4.3.Final/jboss-logging-3.4.3.Final.jar:/home/vicanfon/.m2/repository/com/fasterxml/classmate/1.5.1/classmate-1.5.1.jar:/home/vicanfon/.m2/repository/com/fasterxml/jackson/core/jackson-databind/2.17.2/jackson-databind-2.17.2.jar:/home/vicanfon/.m2/repository/com/fasterxml/jackson/core/jackson-core/2.17.2/jackson-core-2.17.2.jar:/home/vicanfon/.m2/repository/com/fasterxml/jackson/core/jackson-annotations/2.17.2/jackson-annotations-2.17.2.jar:/home/vicanfon/.m2/repository/org/slf4j/slf4j-api/2.0.9/slf4j-api-2.0.9.jar:/home/vicanfon/.m2/repository/jakarta/validation/jakarta.validation-api/3.0.2/jakarta.validation-api-3.0.2.jar:/home/vicanfon/.m2/repository/org/junit/jupiter/junit-jupiter/5.10.0/junit-jupiter-5.10.0.jar:/home/vicanfon/.m2/repository/org/junit/jupiter/junit-jupiter-api/5.10.0/junit-jupiter-api-5.10.0.jar:/home/vicanfon/.m2/repository/org/opentest4j/opentest4j/1.3.0/opentest4j-1.3.0.jar:/home/vicanfon/.m2/repository/org/junit/platform/junit-platform-commons/1.10.0/junit-platform-commons-1.10.0.jar:/home/vicanfon/.m2/repository/org/apiguardian/apiguardian-api/1.1.2/apiguardian-api-1.1.2.jar:/home/vicanfon/.m2/repository/org/junit/jupiter/junit-jupiter-params/5.10.0/junit-jupiter-params-5.10.0.jar:/home/vicanfon/.m2/repository/org/junit/jupiter/junit-jupiter-engine/5.10.0/junit-jupiter-engine-5.10.0.jar:/home/vicanfon/.m2/repository/org/junit/platform/junit-platform-engine/1.10.0/junit-platform-engine-1.10.0.jar:/home/vicanfon/.m2/repository/org/mockito/mockito-core/5.5.0/mockito-core-5.5.0.jar:/home/vicanfon/.m2/repository/net/bytebuddy/byte-buddy/1.14.6/byte-buddy-1.14.6.jar:/home/vicanfon/.m2/repository/net/bytebuddy/byte-buddy-agent/1.14.6/byte-buddy-agent-1.14.6.jar:/home/vicanfon/.m2/repository/org/objenesis/objenesis/3.3/objenesis-3.3.jar:/home/vicanfon/.m2/repository/org/mockito/mockito-junit-jupiter/5.5.0/mockito-junit-jupiter-5.5.0.jar:/home/vicanfon/.m2/repository/org/assertj/assertj-core/3.24.2/assertj-core-3.24.2.jar:/home/vicanfon/.m2/repository/io/camunda/connector/connector-test/8.6.0/connector-test-8.6.0.jar:/home/vicanfon/.m2/repository/io/camunda/connector/connector-runtime-core/8.6.0/connector-runtime-core-8.6.0.jar:/home/vicanfon/.m2/repository/io/camunda/connector/jackson-datatype-feel/8.6.0/jackson-datatype-feel-8.6.0.jar:/home/vicanfon/.m2/repository/io/camunda/connector/connector-feel-wrapper/8.6.0/connector-feel-wrapper-8.6.0.jar:/home/vicanfon/.m2/repository/io/camunda/zeebe-client-java/8.5.5/zeebe-client-java-8.5.5.jar:/home/vicanfon/.m2/repository/io/camunda/zeebe-bpmn-model/8.5.5/zeebe-bpmn-model-8.5.5.jar:/home/vicanfon/.m2/repository/org/camunda/bpm/model/camunda-xml-model/7.20.0/camunda-xml-model-7.20.0.jar:/home/vicanfon/.m2/repository/com/google/code/findbugs/jsr305/3.0.2/jsr305-3.0.2.jar:/home/vicanfon/.m2/repository/org/apache/httpcomponents/core5/httpcore5/5.2.5/httpcore5-5.2.5.jar:/home/vicanfon/.m2/repository/io/camunda/zeebe-gateway-protocol-impl/8.5.5/zeebe-gateway-protocol-impl-8.5.5.jar:/home/vicanfon/.m2/repository/io/grpc/grpc-protobuf/1.62.2/grpc-protobuf-1.62.2.jar:/home/vicanfon/.m2/repository/com/google/api/grpc/proto-google-common-protos/2.29.0/proto-google-common-protos-2.29.0.jar:/home/vicanfon/.m2/repository/io/grpc/grpc-protobuf-lite/1.62.2/grpc-protobuf-lite-1.62.2.jar:/home/vicanfon/.m2/repository/com/google/guava/guava/33.1.0-jre/guava-33.1.0-jre.jar:/home/vicanfon/.m2/repository/com/google/guava/failureaccess/1.0.2/failureaccess-1.0.2.jar:/home/vicanfon/.m2/repository/com/google/guava/listenablefuture/9999.0-empty-to-avoid-conflict-with-guava/listenablefuture-9999.0-empty-to-avoid-conflict-with-guava.jar:/home/vicanfon/.m2/repository/org/checkerframework/checker-qual/3.42.0/checker-qual-3.42.0.jar:/home/vicanfon/.m2/repository/com/google/j2objc/j2objc-annotations/3.0.0/j2objc-annotations-3.0.0.jar:/home/vicanfon/.m2/repository/org/apache/httpcomponents/client5/httpclient5/5.3.1/httpclient5-5.3.1.jar:/home/vicanfon/.m2/repository/org/apache/httpcomponents/core5/httpcore5-h2/5.2.4/httpcore5-h2-5.2.4.jar:/home/vicanfon/.m2/repository/io/grpc/grpc-stub/1.62.2/grpc-stub-1.62.2.jar:/home/vicanfon/.m2/repository/com/google/errorprone/error_prone_annotations/2.23.0/error_prone_annotations-2.23.0.jar:/home/vicanfon/.m2/repository/io/grpc/grpc-core/1.62.2/grpc-core-1.62.2.jar:/home/vicanfon/.m2/repository/com/google/code/gson/gson/2.10.1/gson-2.10.1.jar:/home/vicanfon/.m2/repository/com/google/android/annotations/4.1.1.4/annotations-4.1.1.4.jar:/home/vicanfon/.m2/repository/org/codehaus/mojo/animal-sniffer-annotations/1.23/animal-sniffer-annotations-1.23.jar:/home/vicanfon/.m2/repository/io/perfmark/perfmark-api/0.26.0/perfmark-api-0.26.0.jar:/home/vicanfon/.m2/repository/io/grpc/grpc-context/1.62.2/grpc-context-1.62.2.jar:/home/vicanfon/.m2/repository/io/grpc/grpc-api/1.62.2/grpc-api-1.62.2.jar:/home/vicanfon/.m2/repository/io/grpc/grpc-netty/1.62.2/grpc-netty-1.62.2.jar:/home/vicanfon/.m2/repository/io/netty/netty-codec-http2/4.1.100.Final/netty-codec-http2-4.1.100.Final.jar:/home/vicanfon/.m2/repository/io/netty/netty-codec-http/4.1.100.Final/netty-codec-http-4.1.100.Final.jar:/home/vicanfon/.m2/repository/io/netty/netty-handler-proxy/4.1.100.Final/netty-handler-proxy-4.1.100.Final.jar:/home/vicanfon/.m2/repository/io/netty/netty-codec-socks/4.1.100.Final/netty-codec-socks-4.1.100.Final.jar:/home/vicanfon/.m2/repository/io/netty/netty-transport-native-unix-common/4.1.100.Final/netty-transport-native-unix-common-4.1.100.Final.jar:/home/vicanfon/.m2/repository/io/grpc/grpc-util/1.62.2/grpc-util-1.62.2.jar:/home/vicanfon/.m2/repository/com/google/protobuf/protobuf-java/3.25.3/protobuf-java-3.25.3.jar:/home/vicanfon/.m2/repository/io/netty/netty-tcnative-boringssl-static/2.0.65.Final/netty-tcnative-boringssl-static-2.0.65.Final.jar:/home/vicanfon/.m2/repository/io/netty/netty-tcnative-classes/2.0.65.Final/netty-tcnative-classes-2.0.65.Final.jar:/home/vicanfon/.m2/repository/io/netty/netty-tcnative-boringssl-static/2.0.65.Final/netty-tcnative-boringssl-static-2.0.65.Final-linux-x86_64.jar:/home/vicanfon/.m2/repository/io/netty/netty-tcnative-boringssl-static/2.0.65.Final/netty-tcnative-boringssl-static-2.0.65.Final-linux-aarch_64.jar:/home/vicanfon/.m2/repository/io/netty/netty-tcnative-boringssl-static/2.0.65.Final/netty-tcnative-boringssl-static-2.0.65.Final-osx-x86_64.jar:/home/vicanfon/.m2/repository/io/netty/netty-tcnative-boringssl-static/2.0.65.Final/netty-tcnative-boringssl-static-2.0.65.Final-osx-aarch_64.jar:/home/vicanfon/.m2/repository/io/netty/netty-tcnative-boringssl-static/2.0.65.Final/netty-tcnative-boringssl-static-2.0.65.Final-windows-x86_64.jar:/home/vicanfon/.m2/repository/io/netty/netty-handler/4.1.110.Final/netty-handler-4.1.110.Final.jar:/home/vicanfon/.m2/repository/io/netty/netty-resolver/4.1.110.Final/netty-resolver-4.1.110.Final.jar:/home/vicanfon/.m2/repository/io/netty/netty-buffer/4.1.110.Final/netty-buffer-4.1.110.Final.jar:/home/vicanfon/.m2/repository/io/netty/netty-transport/4.1.110.Final/netty-transport-4.1.110.Final.jar:/home/vicanfon/.m2/repository/io/netty/netty-codec/4.1.110.Final/netty-codec-4.1.110.Final.jar:/home/vicanfon/.m2/repository/io/netty/netty-common/4.1.110.Final/netty-common-4.1.110.Final.jar:/home/vicanfon/.m2/repository/com/fasterxml/jackson/dataformat/jackson-dataformat-yaml/2.17.1/jackson-dataformat-yaml-2.17.1.jar:/home/vicanfon/.m2/repository/org/yaml/snakeyaml/2.2/snakeyaml-2.2.jar:/home/vicanfon/.m2/repository/io/camunda/spring/java-client-operate/8.5.7/java-client-operate-8.5.7.jar:/home/vicanfon/.m2/repository/io/camunda/spring/java-common/8.5.7/java-common-8.5.7.jar:/home/vicanfon/.m2/repository/io/camunda/identity-sdk/8.5.3/identity-sdk-8.5.3.jar:/home/vicanfon/.m2/repository/com/auth0/java-jwt/4.4.0/java-jwt-4.4.0.jar:/home/vicanfon/.m2/repository/com/auth0/auth0/1.45.1/auth0-1.45.1.jar:/home/vicanfon/.m2/repository/com/squareup/okhttp3/okhttp/4.11.0/okhttp-4.11.0.jar:/home/vicanfon/.m2/repository/org/jetbrains/kotlin/kotlin-stdlib/1.6.20/kotlin-stdlib-1.6.20.jar:/home/vicanfon/.m2/repository/org/jetbrains/kotlin/kotlin-stdlib-common/1.6.20/kotlin-stdlib-common-1.6.20.jar:/home/vicanfon/.m2/repository/org/jetbrains/annotations/13.0/annotations-13.0.jar:/home/vicanfon/.m2/repository/org/jetbrains/kotlin/kotlin-stdlib-jdk8/1.6.20/kotlin-stdlib-jdk8-1.6.20.jar:/home/vicanfon/.m2/repository/org/jetbrains/kotlin/kotlin-stdlib-jdk7/1.6.20/kotlin-stdlib-jdk7-1.6.20.jar:/home/vicanfon/.m2/repository/com/squareup/okio/okio/3.5.0/okio-3.5.0.jar:/home/vicanfon/.m2/repository/com/squareup/okio/okio-jvm/3.5.0/okio-jvm-3.5.0.jar:/home/vicanfon/.m2/repository/com/squareup/okhttp3/logging-interceptor/4.11.0/logging-interceptor-4.11.0.jar:/home/vicanfon/.m2/repository/net/jodah/failsafe/2.4.1/failsafe-2.4.1.jar:/home/vicanfon/.m2/repository/com/auth0/jwks-rsa/0.22.1/jwks-rsa-0.22.1.jar:/home/vicanfon/.m2/repository/org/apache/commons/commons-lang3/3.14.0/commons-lang3-3.14.0.jar:/home/vicanfon/.m2/repository/org/apache/commons/commons-collections4/4.4/commons-collections4-4.4.jar:/home/vicanfon/.m2/repository/org/ehcache/ehcache/3.10.8/ehcache-3.10.8.jar:/home/vicanfon/.m2/repository/javax/cache/cache-api/1.1.0/cache-api-1.1.0.jar:/home/vicanfon/.m2/repository/org/camunda/feel/feel-engine/1.18.0/feel-engine-1.18.0.jar:/home/vicanfon/.m2/repository/org/scala-lang/scala-library/2.13.14/scala-library-2.13.14.jar:/home/vicanfon/.m2/repository/com/lihaoyi/fastparse_2.13/3.1.1/fastparse_2.13-3.1.1.jar:/home/vicanfon/.m2/repository/com/lihaoyi/sourcecode_2.13/0.4.0/sourcecode_2.13-0.4.0.jar:/home/vicanfon/.m2/repository/com/lihaoyi/geny_2.13/1.1.0/geny_2.13-1.1.0.jar:/home/vicanfon/.m2/repository/com/fasterxml/uuid/java-uuid-generator/5.1.0/java-uuid-generator-5.1.0.jar:/home/vicanfon/.m2/repository/com/fasterxml/jackson/module/jackson-module-scala_3/2.17.2/jackson-module-scala_3-2.17.2.jar:/home/vicanfon/.m2/repository/org/scala-lang/scala3-library_3/3.3.3/scala3-library_3-3.3.3.jar:/home/vicanfon/.m2/repository/com/thoughtworks/paranamer/paranamer/2.8/paranamer-2.8.jar:/home/vicanfon/.m2/repository/com/fasterxml/jackson/datatype/jackson-datatype-jsr310/2.17.2/jackson-datatype-jsr310-2.17.2.jar:/home/vicanfon/.m2/repository/com/fasterxml/jackson/datatype/jackson-datatype-jdk8/2.17.2/jackson-datatype-jdk8-2.17.2.jar:"/>
    <property name="java.vm.vendor" value="Ubuntu"/>
    <property name="sun.arch.data.model" value="64"/>
    <property name="java.vendor.url" value="https://ubuntu.com/"/>
    <property name="user.timezone" value="Europe/Madrid"/>
    <property name="os.name" value="Linux"/>
    <property name="java.vm.specification.version" value="21"/>
    <property name="sun.java.launcher" value="SUN_STANDARD"/>
    <property name="sun.boot.library.path" value="/usr/lib/jvm/java-21-openjdk-amd64/lib"/>
    <property name="sun.java.command" value="/mnt/c/Users/vanay/Downloads/camunda_edc/target/surefire/surefirebooter-20251028000121089_3.jar /mnt/c/Users/vanay/Downloads/camunda_edc/target/surefire 2025-10-28T00-01-20_988-jvmRun1 surefire-20251028000121089_1tmp surefire_0-20251028000121089_2tmp"/>
    <property name="jdk.debug" value="release"/>
    <property name="surefire.test.class.path" value="/mnt/c/Users/vanay/Downloads/camunda_edc/target/test-classes:/mnt/c/Users/vanay/Downloads/camunda_edc/target/classes:/home/vicanfon/.m2/repository/io/camunda/connector/connector-core/8.6.0/connector-core-8.6.0.jar:/home/vicanfon/.m2/repository/io/camunda/connector/connector-validation/8.6.0/connector-validation-8.6.0.jar:/home/vicanfon/.m2/repository/org/hibernate/validator/hibernate-validator/8.0.1.Final/hibernate-validator-8.0.1.Final.jar:/home/vicanfon/.m2/repository/org/jboss/logging/jboss-logging/3.4.3.Final/jboss-logging-3.4.3.Final.jar:/home/vicanfon/.m2/repository/com/fasterxml/classmate/1.5.1/classmate-1.5.1.jar:/home/vicanfon/.m2/repository/com/fasterxml/jackson/core/jackson-databind/2.17.2/jackson-databind-2.17.2.jar:/home/vicanfon/.m2/repository/com/fasterxml/jackson/core/jackson-core/2.17.2/jackson-core-2.17.2.jar:/home/vicanfon/.m2/repository/com/fasterxml/jackson/core/jackson-annotations/2.17.2/jackson-annotations-2.17.2.jar:/home/vicanfon/.m2/repository/org/slf4j/slf4j-api/2.0.9/slf4j-api-2.0.9.jar:/home/vicanfon/.m2/repository/jakarta/validation/jakarta.validation-api/3.0.2/jakarta.validation-api-3.0.2.jar:/home/vicanfon/.m2/repository/org/junit/jupiter/junit-jupiter/5.10.0/junit-jupiter-5.10.0.jar:/home/vicanfon/.m2/repository/org/junit/jupiter/junit-jupiter-api/5.10.0/junit-jupiter-api-5.10.0.jar:/home/vicanfon/.m2/repository/org/opentest4j/opentest4j/1.3.0/opentest4j-1.3.0.jar:/home/vicanfon/.m2/repository/org/junit/platform/junit-platform-commons/1.10.0/junit-platform-commons-1.10.0.jar:/home/vicanfon/.m2/repository/org/apiguardian/apiguardian-api/1.1.2/apiguardian-api-1.1.2.jar:/home/vicanfon/.m2/repository/org/junit/jupiter/junit-jupiter-params/5.10.0/junit-jupiter-params-5.10.0.jar:/home/vicanfon/.m2/repository/org/junit/jupiter/junit-jupiter-engine/5.10.0/junit-jupiter-engine-5.10.0.jar:/home/vicanfon/.m2/repository/org/junit/platform/junit-platform-engine/1.10.0/junit-platform-engine-1.10.0.jar:/home/vicanfon/.m2/repository/org/mockito/mockito-core/5.5.0/mockito-core-5.5.0.jar:/home/vicanfon/.m2/repository/net/bytebuddy/byte-buddy/1.14.6/byte-buddy-1.14.6.jar:/home/vicanfon/.m2/repository/net/bytebuddy/byte-buddy-agent/1.14.6/byte-buddy-agent-1.14.6.jar:/home/vicanfon/.m2/repository/org/objenesis/objenesis/3.3/objenesis-3.3.jar:/home/vicanfon/.m2/repository/org/mockito/mockito-junit-jupiter/5.5.0/mockito-junit-jupiter-5.5.0.jar:/home/vicanfon/.m2/repository/org/assertj/assertj-core/3.24.2/assertj-core-3.24.2.jar:/home/vicanfon/.m2/repository/io/camunda/connector/connector-test/8.6.0/connector-test-8.6.0.jar:/home/vicanfon/.m2/repository/io/camunda/connector/connector-runtime-core/8.6.0/connector-runtime-core-8.6.0.jar:/home/vicanfon/.m2/repository/io/camunda/connector/jackson-datatype-feel/8.6.0/jackson-datatype-feel-8.6.0.jar:/home/vicanfon/.m2/repository/io/camunda/connector/connector-feel-wrapper/8.6.0/connector-feel-wrapper-8.6.0.jar:/home/vicanfon/.m2/repository/io/camunda/zeebe-client-java/8.5.5/zeebe-client-java-8.5.5.jar:/home/vicanfon/.m2/repository/io/camunda/zeebe-bpmn-model/8.5.5/zeebe-bpmn-model-8.5.5.jar:/home/vicanfon/.m2/repository/org/camunda/bpm/model/camunda-xml-model/7.20.0/camunda-xml-model-7.20.0.jar:/home/vicanfon/.m2/repository/com/google/code/findbugs/jsr305/3.0.2/jsr305-3.0.2.jar:/home/vicanfon/.m2/repository/org/apache/httpcomponents/core5/httpcore5/5.2.5/httpcore5-5.2.5.jar:/home/vicanfon/.m2/repository/io/camunda/zeebe-gateway-protocol-impl/8.5.5/zeebe-gateway-protocol-impl-8.5.5.jar:/home/vicanfon/.m2/repository/io/grpc/grpc-protobuf/1.62.2/grpc-protobuf-1.62.2.jar:/home/vicanfon/.m2/repository/com/google/api/grpc/proto-google-common-protos/2.29.0/proto-google-common-protos-2.29.0.jar:/home/vicanfon/.m2/repository/io/grpc/grpc-protobuf-lite/1.62.2/grpc-protobuf-lite-1.62.2.jar:/home/vicanfon/.m2/repository/com/google/guava/guava/33.1.0-jre/guava-33.1.0-jre.jar:/home/vicanfon/.m2/repository/com/google/guava/failureaccess/1.0.2/failureaccess-1.0.2.jar:/home/vicanfon/.m2/repository/com/google/guava/listenablefuture/9999.0-empty-to-avoid-conflict-with-guava/listenablefuture-9999.0-empty-to-avoid-conflict-with-guava.jar:/home/vicanfon/.m2/repository/org/checkerframework/checker-qual/3.42.0/checker-qual-3.42.0.jar:/home/vicanfon/.m2/repository/com/google/j2objc/j2objc-annotations/3.0.0/j2objc-annotations-3.0.0.jar:/home/vicanfon/.m2/repository/org/apache/httpcomponents/client5/httpclient5/5.3.1/httpclient5-5.3.1.jar:/home/vicanfon/.m2/repository/org/apache/httpcomponents/core5/httpcore5-h2/5.2.4/httpcore5-h2-5.2.4.jar:/home/vicanfon/.m2/repository/io/grpc/grpc-stub/1.62.2/grpc-stub-1.62.2.jar:/home/vicanfon/.m2/repository/com/google/errorprone/error_prone_annotations/2.23.0/error_prone_annotations-2.23.0.jar:/home/vicanfon/.m2/repository/io/grpc/grpc-core/1.62.2/grpc-core-1.62.2.jar:/home/vicanfon/.m2/repository/com/google/code/gson/gson/2.10.1/gson-2.10.1.jar:/home/vicanfon/.m2/repository/com/google/android/annotations/4.1.1.4/annotations-4.1.1.4.jar:/home/vicanfon/.m2/repository/org/codehaus/mojo/animal-sniffer-annotations/1.23/animal-sniffer-annotations-1.23.jar:/home/vicanfon/.m2/repository/io/perfmark/perfmark-api/0.26.0/perfmark-api-0.26.0.jar:/home/vicanfon/.m2/repository/io/grpc/grpc-context/1.62.2/grpc-context-1.62.2.jar:/home/vicanfon/.m2/repository/io/grpc/grpc-api/1.62.2/grpc-api-1.62.2.jar:/home/vicanfon/.m2/repository/io/grpc/grpc-netty/1.62.2/grpc-netty-1.62.2.jar:/home/vicanfon/.m2/repository/io/netty/netty-codec-http2/4.1.100.Final/netty-codec-http2-4.1.100.Final.jar:/home/vicanfon/.m2/repository/io/netty/netty-codec-http/4.1.100.Final/netty-codec-http-4.1.100.Final.jar:/home/vicanfon/.m2/repository/io/netty/netty-handler-proxy/4.1.100.Final/netty-handler-proxy-4.1.100.Final.jar:/home/vicanfon/.m2/repository/io/netty/netty-codec-socks/4.1.100.Final/netty-codec-socks-4.1.100.Final.jar:/home/vicanfon/.m2/repository/io/netty/netty-transport-native-unix-common/4.1.100.Final/netty-transport-native-unix-common-4.1.100.Final.jar:/home/vicanfon/.m2/repository/io/grpc/grpc-util/1.62.2/grpc-util-1.62.2.jar:/home/vicanfon/.m2/repository/com/google/protobuf/protobuf-java/3.25.3/protobuf-java-3.25.3.jar:/home/vicanfon/.m2/repository/io/netty/netty-tcnative-boringssl-static/2.0.65.Final/netty-tcnative-boringssl-static-2.0.65.Final.jar:/home/vicanfon/.m2/repository/io/netty/netty-tcnative-classes/2.0.65.Final/netty-tcnative-classes-2.0.65.Final.jar:/home/vicanfon/.m2/repository/io/netty/netty-tcnative-boringssl-static/2.0.65.Final/netty-tcnative-boringssl-static-2.0.65.Final-linux-x86_64.jar:/home/vicanfon/.m2/repository/io/netty/netty-tcnative-boringssl-static/2.0.65.Final/netty-tcnative-boringssl-static-2.0.65.Final-linux-aarch_64.jar:/home/vicanfon/.m2/repository/io/netty/netty-tcnative-boringssl-static/2.0.65.Final/netty-tcnative-boringssl-static-2.0.65.Final-osx-x86_64.jar:/home/vicanfon/.m2/repository/io/netty/netty-tcnative-boringssl-static/2.0.65.Final/netty-tcnative-boringssl-static-2.0.65.Final-osx-aarch_64.jar:/home/vicanfon/.m2/repository/io/netty/netty-tcnative-boringssl-static/2.0.65.Final/netty-tcnative-boringssl-static-2.0.65.Final-windows-x86_64.jar:/home/vicanfon/.m2/repository/io/netty/netty-handler/4.1.110.Final/netty-handler-4.1.110.Final.jar:/home/vicanfon/.m2/repository/io/netty/netty-resolver/4.1.110.Final/netty-resolver-4.1.110.Final.jar:/home/vicanfon/.m2/repository/io/netty/netty-buffer/4.1.110.Final/netty-buffer-4.1.110.Final.jar:/home/vicanfon/.m2/repository/io/netty/netty-transport/4.1.110.Final/netty-transport-4.1.110.Final.jar:/home/vicanfon/.m2/repository/io/netty/netty-codec/4.1.110.Final/netty-codec-4.1.110.Final.jar:/home/vicanfon/.m2/repository/io/netty/netty-common/4.1.110.Final/netty-common-4.1.110.Final.jar:/home/vicanfon/.m2/repository/com/fasterxml/jackson/dataformat/jackson-dataformat-yaml/2.17.1/jackson-dataformat-yaml-2.17.1.jar:/home/vicanfon/.m2/repository/org/yaml/snakeyaml/2.2/snakeyaml-2.2.jar:/home/vicanfon/.m2/repository/io/camunda/spring/java-client-operate/8.5.7/java-client-operate-8.5.7.jar:/home/vicanfon/.m2/repository/io/camunda/spring/java-common/8.5.7/java-common-8.5.7.jar:/home/vicanfon/.m2/repository/io/camunda/identity-sdk/8.5.3/identity-sdk-8.5.3.jar:/home/vicanfon/.m2/repository/com/auth0/java-jwt/4.4.0/java-jwt-4.4.0.jar:/home/vicanfon/.m2/repository/com/auth0/auth0/1.45.1/auth0-1.45.1.jar:/home/vicanfon/.m2/repository/com/squareup/okhttp3/okhttp/4.11.0/okhttp-4.11.0.jar:/home/vicanfon/.m2/repository/org/jetbrains/kotlin/kotlin-stdlib/1.6.20/kotlin-stdlib-1.6.20.jar:/home/vicanfon/.m2/repository/org/jetbrains/kotlin/kotlin-stdlib-common/1.6.20/kotlin-stdlib-common-1.6.20.jar:/home/vicanfon/.m2/repository/org/jetbrains/annotations/13.0/annotations-13.0.jar:/home/vicanfon/.m2/repository/org/jetbrains/kotlin/kotlin-stdlib-jdk8/1.6.20/kotlin-stdlib-jdk8-1.6.20.jar:/home/vicanfon/.m2/repository/org/jetbrains/kotlin/kotlin-stdlib-jdk7/1.6.20/kotlin-stdlib-jdk7-1.6.20.jar:/home/vicanfon/.m2/repository/com/squareup/okio/okio/3.5.0/okio-3.5.0.jar:/home/vicanfon/.m2/repository/com/squareup/okio/okio-jvm/3.5.0/okio-jvm-3.5.0.jar:/home/vicanfon/.m2/repository/com/squareup/okhttp3/logging-interceptor/4.11.0/logging-interceptor-4.11.0.jar:/home/vicanfon/.m2/repository/net/jodah/failsafe/2.4.1/failsafe-2.4.1.jar:/home/vicanfon/.m2/repository/com/auth0/jwks-rsa/0.22.1/jwks-rsa-0.22.1.jar:/home/vicanfon/.m2/repository/org/apache/commons/commons-lang3/3.14.0/commons-lang3-3.14.0.jar:/home/vicanfon/.m2/repository/org/apache/commons/commons-collections4/4.4/commons-collections4-4.4.jar:/home/vicanfon/.m2/repository/org/ehcache/ehcache/3.10.8/ehcache-3.10.8.jar:/home/vicanfon/.m2/repository/javax/cache/cache-api/1.1.0/cache-api-1.1.0.jar:/home/vicanfon/.m2/repository/org/camunda/feel/feel-engine/1.18.0/feel-engine-1.18.0.jar:/home/vicanfon/.m2/repository/org/scala-lang/scala-library/2.13.14/scala-library-2.13.14.jar:/home/vicanfon/.m2/repository/com/lihaoyi/fastparse_2.13/3.1.1/fastparse_2.13-3.1.1.jar:/home/vicanfon/.m2/repository/com/lihaoyi/sourcecode_2.13/0.4.0/sourcecode_2.13-0.4.0.jar:/home/vicanfon/.m2/repository/com/lihaoyi/geny_2.13/1.1.0/geny_2.13-1.1.0.jar:/home/vicanfon/.m2/repository/com/fasterxml/uuid/java-uuid-generator/5.1.0/java-uuid-generator-5.1.0.jar:/home/vicanfon/.m2/repository/com/fasterxml/jackson/module/jackson-module-scala_3/2.17.2/jackson-module-scala_3-2.17.2.jar:/home/vicanfon/.m2/repository/org/scala-lang/scala3-library_3/3.3.3/scala3-library_3-3.3.3.jar:/home/vicanfon/.m2/repository/com/thoughtworks/paranamer/paranamer/2.8/paranamer-2.8.jar:/home/vicanfon/.m2/repository/com/fasterxml/jackson/datatype/jackson-datatype-jsr310/2.17.2/jackson-datatype-jsr310-2.17.2.jar:/home/vicanfon/.m2/repository/com/fasterxml/jackson/datatype/jackson-datatype-jdk8/2.17.2/jackson-datatype-jdk8-2.17.2.jar:"/>
    <property name="sun.cpu.endian" value="little"/>
    <property name="user.home" value="/home/vicanfon"/>
    <property name="user.language" value="en"/>
    <property name="java.specification.vendor" value="Oracle Corporation"/>
    <property name="java.version.date" value="2025-07-15"/>
    <property name="java.home" value="/usr/lib/jvm/java-21-openjdk-amd64"/>
    <property name="file.separator" value="/"/>
    <property name="basedir" value="/mnt/c/Users/vanay/Downloads/camunda_edc"/>
    <property name="java.vm.compressedOopsMode" value="Zero based"/>
    <property name="line.separator" value="&#10;"/>
    <property name="java.vm.specification.vendor" value="Oracle Corporation"/>
    <property name="java.specification.name" value="Java Platform API Specification"/>
    <property name="surefire.real.class.path" value="/mnt/c/Users/vanay/Downloads/camunda_edc/target/surefire/surefirebooter-20251028000121089_3.jar"/>
    <property name="sun.management.compiler" value="HotSpot 64-Bit Tiered Compilers"/>
    <property name="java.runtime.version" value="21.0.8+9-Ubuntu-0ubuntu124.04.1"/>
    <property name="user.name" value="vicanfon"/>
    <property name="stdout.encoding" value="UTF-8"/>
    <property name="path.separator" value=":"/>
    <property name="os.version" value="5.15.167.4-microsoft-standard-WSL2"/>
    <property name="java.runtime.name" value="OpenJDK Runtime Environment"/>
    <property name="file.encoding" value="UTF-8"/>
    <property name="java.vm.name" value="OpenJDK 64-Bit Server VM"/>
    <property name="localRepository" value="/home/vicanfon/.m2/repository"/>
    <property name="java.vendor.url.bug" value="https://bugs.launchpad.net/ubuntu/+source/openjdk-21"/>
    <property name="java.io.tmpdir" value="/tmp"/>
    <property name="java.version" value="21.0.8"/>
    <property name="user.dir" value="/mnt/c/Users/vanay/Downloads/camunda_edc"/>
    <property name="os.arch" value="amd64"/>
    <property name="java.vm.specification.name" value="Java Virtual Machine Specification"/>
    <property name="native.encoding" value="UTF-8"/>
    <property name="java.library.path" value="/usr/java/packages/lib:/usr/lib/x86_64-linux-gnu/jni:/lib/x86_64-linux-gnu:/usr/lib/x86_64-linux-gnu:/usr/lib/jni:/lib:/usr/lib"/>
    <property name="stderr.encoding" value="UTF-8"/>
    <property name="java.vm.info" value="mixed mode, sharing"/>
    <property name="java.vendor" value="Ubuntu"/>
    <property name="java.vm.version" value="21.0.8+9-Ubuntu-0ubuntu124.04.1"/>
    <property name="sun.io.unicode.encoding" value="UnicodeLittle"/>
    <property name="java.class.version" value="65.0"/>
  </properties>
  <testcase name="shouldThrowExceptionWhenProviderUrlIsMissing" classname="io.camunda.connector.edc.EdcConnectorFunctionTest" time="7.235">
    <system-err><![CDATA[WARNING: A Java agent has been loaded dynamically (/home/vicanfon/.m2/repository/net/bytebuddy/byte-buddy-agent/1.14.6/byte-buddy-agent-1.14.6.jar)
WARNING: If a serviceability tool is in use, please run with -XX:+EnableDynamicAgentLoading to hide this warning
WARNING: If a serviceability tool is not in use, please run with -Djdk.instrument.traceUsage for more information
WARNING: Dynamic loading of agents will be disallowed by default in a future release
SLF4J: No SLF4J providers were found.
SLF4J: Defaulting to no-operation (NOP) logger implementation
SLF4J: See https://www.slf4j.org/codes.html#noProviders for further details.
Oct 28, 2025 12:01:28 AM org.hibernate.validator.internal.util.Version <clinit>
INFO: HV000001: Hibernate Validator 8.0.1.Final
]]></system-err>
  </testcase>
  <testcase name="shouldValidateBasicAuthentication" classname="io.camunda.connector.edc.EdcConnectorFunctionTest" time="0.037"/>
  <testcase name="shouldHandleEdcServiceException" classname="io.camunda.connector.edc.EdcConnectorFunctionTest" time="0.142"/>
  <testcase name="shouldValidateApiKeyAuthentication" classname="io.camunda.connector.edc.EdcConnectorFunctionTest" time="0.097"/>
  <testcase name="shouldThrowExceptionWhenEdcManagementUrlIsMissing" classname="io.camunda.connector.edc.EdcConnectorFunctionTest" time="0.035"/>
  <testcase name="shouldThrowExceptionWhenAssetIdIsMissing" classname="io.camunda.connector.edc.EdcConnectorFunctionTest" time="0.024"/>
  <testcase name="shouldExecuteSuccessfully" classname="io.camunda.connector.edc.EdcConnectorFunctionTest" time="0.047"/>
</testsuite>